
Profiling started at Mon Jul 20 16:30:01 2015
Profiling stopped at Mon Jul 20 16:30:01 2015

-- OProfile/operf Statistics --
Nr. non-backtrace samples: 12
Nr. kernel samples: 11
Nr. user space samples: 1
Nr. samples lost due to sample address not in expected range for domain: 0
Nr. lost kernel samples: 0
Nr. samples lost due to sample file open failure: 0
Nr. samples lost due to no permanent mapping: 0
Nr. user context kernel samples lost due to no app info available: 0
Nr. user samples lost due to no app info available: 0
Nr. backtraces skipped due to no file mapping: 0
Nr. hypervisor samples dropped due to address out-of-range: 0
Nr. samples lost reported by perf_events kernel: 0

Profiling started at Mon Jul 20 16:30:01 2015
Profiling stopped at Mon Jul 20 16:30:02 2015

-- OProfile/operf Statistics --
Nr. non-backtrace samples: 14
Nr. kernel samples: 14
Nr. user space samples: 0
Nr. samples lost due to sample address not in expected range for domain: 0
Nr. lost kernel samples: 0
Nr. samples lost due to sample file open failure: 0
Nr. samples lost due to no permanent mapping: 0
Nr. user context kernel samples lost due to no app info available: 0
Nr. user samples lost due to no app info available: 0
Nr. backtraces skipped due to no file mapping: 0
Nr. hypervisor samples dropped due to address out-of-range: 0
Nr. samples lost reported by perf_events kernel: 0

Profiling started at Mon Jul 20 16:30:02 2015
Profiling stopped at Mon Jul 20 16:30:02 2015

-- OProfile/operf Statistics --
Nr. non-backtrace samples: 8
Nr. kernel samples: 7
Nr. user space samples: 1
Nr. samples lost due to sample address not in expected range for domain: 0
Nr. lost kernel samples: 0
Nr. samples lost due to sample file open failure: 0
Nr. samples lost due to no permanent mapping: 0
Nr. user context kernel samples lost due to no app info available: 0
Nr. user samples lost due to no app info available: 0
Nr. backtraces skipped due to no file mapping: 0
Nr. hypervisor samples dropped due to address out-of-range: 0
Nr. samples lost reported by perf_events kernel: 0

Profiling started at Mon Jul 20 16:30:02 2015
Profiling stopped at Mon Jul 20 16:30:02 2015

-- OProfile/operf Statistics --
Nr. non-backtrace samples: 13
Nr. kernel samples: 13
Nr. user space samples: 0
Nr. samples lost due to sample address not in expected range for domain: 0
Nr. lost kernel samples: 0
Nr. samples lost due to sample file open failure: 0
Nr. samples lost due to no permanent mapping: 0
Nr. user context kernel samples lost due to no app info available: 0
Nr. user samples lost due to no app info available: 0
Nr. backtraces skipped due to no file mapping: 0
Nr. hypervisor samples dropped due to address out-of-range: 0
Nr. samples lost reported by perf_events kernel: 0

Profiling started at Mon Jul 20 16:30:02 2015
Profiling stopped at Mon Jul 20 16:30:02 2015

-- OProfile/operf Statistics --
Nr. non-backtrace samples: 11
Nr. kernel samples: 11
Nr. user space samples: 0
Nr. samples lost due to sample address not in expected range for domain: 0
Nr. lost kernel samples: 0
Nr. samples lost due to sample file open failure: 0
Nr. samples lost due to no permanent mapping: 0
Nr. user context kernel samples lost due to no app info available: 0
Nr. user samples lost due to no app info available: 0
Nr. backtraces skipped due to no file mapping: 0
Nr. hypervisor samples dropped due to address out-of-range: 0
Nr. samples lost reported by perf_events kernel: 0

Profiling started at Mon Jul 20 16:30:03 2015
Profiling stopped at Mon Jul 20 16:30:03 2015

-- OProfile/operf Statistics --
Nr. non-backtrace samples: 9
Nr. kernel samples: 7
Nr. user space samples: 2
Nr. samples lost due to sample address not in expected range for domain: 0
Nr. lost kernel samples: 0
Nr. samples lost due to sample file open failure: 0
Nr. samples lost due to no permanent mapping: 0
Nr. user context kernel samples lost due to no app info available: 0
Nr. user samples lost due to no app info available: 0
Nr. backtraces skipped due to no file mapping: 0
Nr. hypervisor samples dropped due to address out-of-range: 0
Nr. samples lost reported by perf_events kernel: 0

Profiling started at Mon Jul 20 16:30:03 2015
Profiling stopped at Mon Jul 20 16:30:03 2015

-- OProfile/operf Statistics --
Nr. non-backtrace samples: 9
Nr. kernel samples: 8
Nr. user space samples: 1
Nr. samples lost due to sample address not in expected range for domain: 0
Nr. lost kernel samples: 0
Nr. samples lost due to sample file open failure: 0
Nr. samples lost due to no permanent mapping: 0
Nr. user context kernel samples lost due to no app info available: 0
Nr. user samples lost due to no app info available: 0
Nr. backtraces skipped due to no file mapping: 0
Nr. hypervisor samples dropped due to address out-of-range: 0
Nr. samples lost reported by perf_events kernel: 0

Profiling started at Mon Jul 20 16:30:03 2015
Profiling stopped at Mon Jul 20 16:30:03 2015

-- OProfile/operf Statistics --
Nr. non-backtrace samples: 11
Nr. kernel samples: 10
Nr. user space samples: 1
Nr. samples lost due to sample address not in expected range for domain: 0
Nr. lost kernel samples: 0
Nr. samples lost due to sample file open failure: 0
Nr. samples lost due to no permanent mapping: 0
Nr. user context kernel samples lost due to no app info available: 0
Nr. user samples lost due to no app info available: 0
Nr. backtraces skipped due to no file mapping: 0
Nr. hypervisor samples dropped due to address out-of-range: 0
Nr. samples lost reported by perf_events kernel: 0

Profiling started at Mon Jul 20 16:30:03 2015
Profiling stopped at Mon Jul 20 16:30:03 2015

-- OProfile/operf Statistics --
Nr. non-backtrace samples: 11
Nr. kernel samples: 10
Nr. user space samples: 1
Nr. samples lost due to sample address not in expected range for domain: 0
Nr. lost kernel samples: 0
Nr. samples lost due to sample file open failure: 0
Nr. samples lost due to no permanent mapping: 0
Nr. user context kernel samples lost due to no app info available: 0
Nr. user samples lost due to no app info available: 0
Nr. backtraces skipped due to no file mapping: 0
Nr. hypervisor samples dropped due to address out-of-range: 0
Nr. samples lost reported by perf_events kernel: 0

Profiling started at Mon Jul 20 16:30:04 2015
Profiling stopped at Mon Jul 20 16:30:04 2015

-- OProfile/operf Statistics --
Nr. non-backtrace samples: 13
Nr. kernel samples: 11
Nr. user space samples: 2
Nr. samples lost due to sample address not in expected range for domain: 0
Nr. lost kernel samples: 0
Nr. samples lost due to sample file open failure: 0
Nr. samples lost due to no permanent mapping: 0
Nr. user context kernel samples lost due to no app info available: 0
Nr. user samples lost due to no app info available: 0
Nr. backtraces skipped due to no file mapping: 0
Nr. hypervisor samples dropped due to address out-of-range: 0
Nr. samples lost reported by perf_events kernel: 0
